<<<<<<< .mine
Warning: Binary file brawl\model\AI$1 contains brawl.model.AI$1
Warning: Binary file brawl\model\AI contains brawl.model.AI
Warning: Binary file brawl\model\Base contains brawl.model.Base
Warning: Binary file brawl\model\Card contains brawl.model.Card
Warning: Binary file brawl\model\Column contains brawl.model.Column
Warning: Binary file brawl\model\Deck contains brawl.model.Deck
Warning: Binary file brawl\model\Human contains brawl.model.Human
Warning: Binary file brawl\model\Move contains brawl.model.Move
Warning: Binary file brawl\model\Player contains brawl.model.Player
Warning: Binary file brawl\ui\AboutScreen contains brawl.ui.AboutScreen
Warning: Binary file brawl\ui\ConsoleUI contains brawl.ui.ConsoleUI
Compiled from "AI.java"
class brawl.model.AI$1 {
  static final int[] $SwitchMap$brawl$model$enums$CardType;
  static {};
}
Compiled from "AI.java"
public class brawl.model.AI extends brawl.model.Player {
  public brawl.model.AI(brawl.model.enums.BrawlCharacter, brawl.model.enums.PlayerID, int);
  public brawl.model.Move getNextMove(java.util.List<brawl.model.Column>, boolean);
  public brawl.model.Move getMove(int);
  public int getDifficulty();
}
Compiled from "Base.java"
public class brawl.model.Base {
  public brawl.model.Base(brawl.model.enums.PlayerID);
  public brawl.model.enums.PlayerID getOwner();
}
Compiled from "Card.java"
public class brawl.model.Card {
  public brawl.model.Card(brawl.model.enums.Color, brawl.model.enums.CardType);
  public brawl.model.enums.Color getColor();
  public brawl.model.enums.CardType getType();
  public java.lang.String getImagePath(brawl.model.enums.BrawlCharacter);
  public static brawl.model.Card parseCard(java.lang.String);
  public java.lang.String toString();
  public boolean equals(java.lang.Object);
  static {};
}
Compiled from "Column.java"
public class brawl.model.Column {
  public brawl.model.Column(brawl.model.Base);
  public brawl.model.Card peekTopCard(brawl.model.enums.PlayerID);
  public void addCard(brawl.model.Card, brawl.model.enums.PlayerID);
  public void freeze();
  public boolean isFrozen();
  public int getPlayer1Score();
  public int getPlayer2Score();
  public brawl.model.enums.PlayerID getCurrentWinner();
  public brawl.model.Base getBase();
  public java.util.Stack<brawl.model.Card> getP1Stack();
  public java.util.Stack<brawl.model.Card> getP2Stack();
}
Compiled from "Deck.java"
public class brawl.model.Deck {
  public brawl.model.Deck(brawl.model.enums.BrawlCharacter);
  public brawl.model.enums.BrawlCharacter getCharacter();
  public void reset();
  public void shuffle();
  public brawl.model.Card peekDiscard();
  public brawl.model.Card popDiscard();
  public void draw();
  public java.util.Stack<brawl.model.Card> getDeck();
  public boolean isEmpty();
  public void generateDeck(java.lang.String);
}
Compiled from "Human.java"
public class brawl.model.Human extends brawl.model.Player {
  public brawl.model.Human(brawl.model.enums.BrawlCharacter, brawl.model.enums.PlayerID, java.util.HashMap<java.lang.Integer, brawl.model.Move>);
  public brawl.model.Move getMove(int);
  public brawl.model.Move getNextMove(java.util.List<brawl.model.Column>, boolean);
}
Compiled from "Move.java"
public class brawl.model.Move {
  public brawl.model.Move(brawl.model.enums.PlayerID, brawl.model.enums.PlayerID, int);
  public brawl.model.enums.PlayerID getSource();
  public brawl.model.enums.PlayerID getSide();
  public int getColumn();
  public boolean isDraw();
  public boolean equals(java.lang.Object);
  public java.lang.String toString();
  public static brawl.model.Move parseMove(java.lang.String);
}
Compiled from "Player.java"
public abstract class brawl.model.Player {
  protected brawl.model.enums.PlayerID id;
  public brawl.model.Player(brawl.model.enums.BrawlCharacter, brawl.model.enums.PlayerID);
  public abstract brawl.model.Move getMove(int);
  public brawl.model.Deck getDeck();
  public abstract brawl.model.Move getNextMove(java.util.List<brawl.model.Column>, boolean);
}
Compiled from "AboutScreen.java"
public class brawl.ui.AboutScreen extends javax.swing.JPanel {
  public brawl.ui.AboutScreen(brawl.GameController);
}
Compiled from "ConsoleUI.java"
public class brawl.ui.ConsoleUI implements brawl.ui.GameView {
  public brawl.ui.ConsoleUI();
  public void init();
  public void displayMainMenuScreen();
  public void getModeAndPlayerTypes();
  public void choosePlayerType(int);
  public void displayDeckSelectionP1();
  public void getCharacter(int, int);
  public void displayDeckSelectionP2();
  public void displayCountdownScreen();
  public void displayPlayScreen();
  public void printSysCommands();
  public void printKeyCommands();
  public void enterCommands();
  public void sysTestSetup();
  public void sysTestSetupPlayer(brawl.model.enums.PlayerID);
  public void parseKeyCommands(java.lang.String);
  public void displayOptionsScreen();
  public void displayQuitScreen();
  public void displayPlayAgainScreen();
  public void setController(brawl.GameController);
  public void setMatchModel(brawl.MatchModel);
  public void setSettingsModel(brawl.SettingsModel);
  public void update(java.util.Observable, java.lang.Object);
  public void printGameState();
  public void printGameState1Col();
  public void printGameState2Cols();
  public void printGameState3Cols();
  public java.lang.String checkIfSideNull(brawl.model.Card);
  public java.lang.String checkIfDiscardNull(brawl.model.Card);
  public void updateDeckInfo(brawl.model.enums.PlayerID, brawl.model.enums.BrawlCharacter);
  public void paused();
  public void displayGameplayOptionsScreen();
  public void displayControlScreen();
  public void displayAboutScreen();
  public void displayTutorialScreen();
  public void updateControlsScreen();
  public void setNextTutorialPage(int);
  public void blinkInvalid();
}
Warning: Binary file brawl\ui\ControlScreen contains brawl.ui.ControlScreen
Warning: Binary file brawl\ui\DeckSetUpScreen contains brawl.ui.DeckSetUpScreen
Warning: Binary file brawl\ui\GameView contains brawl.ui.GameView
Warning: Binary file brawl\ui\IntroScreen contains brawl.ui.IntroScreen
Warning: Binary file brawl\ui\MainMenuScreen contains brawl.ui.MainMenuScreen
Warning: Binary file brawl\ui\PlayAgainScreen contains brawl.ui.PlayAgainScreen
Warning: Binary file brawl\ui\PlayScreen$1 contains brawl.ui.PlayScreen$1
Warning: Binary file brawl\ui\PlayScreen$2 contains brawl.ui.PlayScreen$2
Warning: Binary file brawl\ui\PlayScreen$StackOfCards contains brawl.ui.PlayScreen$StackOfCards
Warning: Binary file brawl\ui\PlayScreen contains brawl.ui.PlayScreen
Warning: Binary file brawl\ui\QuitScreen contains brawl.ui.QuitScreen
Warning: Binary file brawl\ui\SwingUI$1 contains brawl.ui.SwingUI$1
Warning: Binary file brawl\ui\SwingUI$CloseListener contains brawl.ui.SwingUI$CloseListener
Warning: Binary file brawl\ui\SwingUI$CountdownListener contains brawl.ui.SwingUI$CountdownListener
Compiled from "ControlScreen.java"
public class brawl.ui.ControlScreen extends javax.swing.JPanel {
  public brawl.ui.ControlScreen(brawl.GameController);
  public void updateControlsScreen();
}
Compiled from "DeckSetUpScreen.java"
public class brawl.ui.DeckSetUpScreen extends javax.swing.JPanel {
  public brawl.ui.DeckSetUpScreen(brawl.GameController, brawl.model.enums.PlayerID);
  public void updateInfo(brawl.model.enums.BrawlCharacter);
}
Compiled from "GameView.java"
public interface brawl.ui.GameView extends java.util.Observer {
  public abstract void setController(brawl.GameController);
  public abstract void setMatchModel(brawl.MatchModel);
  public abstract void setSettingsModel(brawl.SettingsModel);
  public abstract void update(java.util.Observable, java.lang.Object);
  public abstract void displayMainMenuScreen();
  public abstract void displayDeckSelectionP1();
  public abstract void displayDeckSelectionP2();
  public abstract void displayOptionsScreen();
  public abstract void displayAboutScreen();
  public abstract void displayCountdownScreen();
  public abstract void displayQuitScreen();
  public abstract void displayPlayScreen();
  public abstract void displayPlayAgainScreen();
  public abstract void init();
  public abstract void sysTestSetup();
  public abstract void paused();
  public abstract void displayTutorialScreen();
  public abstract void updateDeckInfo(brawl.model.enums.PlayerID, brawl.model.enums.BrawlCharacter);
  public abstract void updateControlsScreen();
  public abstract void setNextTutorialPage(int);
  public abstract void blinkInvalid();
}
Compiled from "IntroScreen.java"
public class brawl.ui.IntroScreen extends javax.swing.JPanel {
  public brawl.ui.IntroScreen(brawl.GameController);
}
Compiled from "MainMenuScreen.java"
public class brawl.ui.MainMenuScreen extends javax.swing.JPanel {
  public brawl.ui.MainMenuScreen(brawl.GameController);
}
Compiled from "PlayAgainScreen.java"
public class brawl.ui.PlayAgainScreen extends javax.swing.JPanel {
  public brawl.ui.PlayAgainScreen(brawl.GameController);
  public void setWinner();
  public void setMatchModel(brawl.MatchModel);
}
Compiled from "PlayScreen.java"
class brawl.ui.PlayScreen$1 implements java.awt.event.ActionListener {
  final brawl.ui.PlayScreen this$0;
  brawl.ui.PlayScreen$1(brawl.ui.PlayScreen);
  public void actionPerformed(java.awt.event.ActionEvent);
}
Compiled from "PlayScreen.java"
class brawl.ui.PlayScreen$2 implements java.awt.event.ActionListener {
  final brawl.ui.PlayScreen this$0;
  brawl.ui.PlayScreen$2(brawl.ui.PlayScreen);
  public void actionPerformed(java.awt.event.ActionEvent);
}
Compiled from "PlayScreen.java"
class brawl.ui.PlayScreen$StackOfCards extends java.util.ArrayList<javax.swing.JLabel> {
  final brawl.ui.PlayScreen this$0;
  public int getOffset1();
  public int getOffset2();
  public int getLayerNdx1();
  public int getLayerNdx2();
  public void reset();
  brawl.ui.PlayScreen$StackOfCards(brawl.ui.PlayScreen, brawl.ui.PlayScreen$1);
}
Compiled from "PlayScreen.java"
public class brawl.ui.PlayScreen extends javax.swing.JPanel {
  public brawl.ui.PlayScreen(brawl.GameController);
  public void setMatchModel(brawl.MatchModel, brawl.model.enums.GameMode);
  public void resetBoard();
  public void setTurn(brawl.model.enums.PlayerID);
  public void blinkInvalid(brawl.model.enums.PlayerID);
  public void makeMove(brawl.model.Move);
  static java.awt.Color access$100();
  static javax.swing.JPanel access$200(brawl.ui.PlayScreen);
  static javax.swing.JPanel access$300(brawl.ui.PlayScreen);
  static {};
}
Compiled from "QuitScreen.java"
public class brawl.ui.QuitScreen extends javax.swing.JPanel {
  public brawl.ui.QuitScreen(brawl.GameController);
}
Compiled from "SwingUI.java"
class brawl.ui.SwingUI$1 {
}
Compiled from "SwingUI.java"
class brawl.ui.SwingUI$CloseListener extends java.awt.event.WindowAdapter {
  public void windowClosing(java.awt.event.WindowEvent);
  brawl.ui.SwingUI$CloseListener(brawl.ui.SwingUI$1);
}
Compiled from "SwingUI.java"
class brawl.ui.SwingUI$CountdownListener implements java.awt.event.ActionListener {
  final brawl.ui.SwingUI this$0;
  public brawl.ui.SwingUI$CountdownListener(brawl.ui.SwingUI, javax.swing.JLabel, int);
  public void actionPerformed(java.awt.event.ActionEvent);
}
Warning: Binary file brawl\ui\SwingUI contains brawl.ui.SwingUI
Warning: Binary file brawl\ui\TutorialScreen contains brawl.ui.TutorialScreen
Warning: Binary file brawl\utils\JSONUtil contains brawl.utils.JSONUtil
Warning: Binary file brawl\utils\KeyMapper contains brawl.utils.KeyMapper
Warning: Binary file brawl\utils\MoveValidator$ValidityValue contains brawl.utils.MoveValidator$ValidityValue
Warning: Binary file brawl\utils\MoveValidator contains brawl.utils.MoveValidator
Compiled from "SwingUI.java"
public class brawl.ui.SwingUI extends javax.swing.JFrame implements brawl.ui.GameView {
  public brawl.ui.SwingUI();
  public void init();
  public void setController(brawl.GameController);
  public void setMatchModel(brawl.MatchModel);
  public void setSettingsModel(brawl.SettingsModel);
  public void displayOptionsScreen();
  public void displayIntroScreen();
  public void displayMainMenuScreen();
  public void displayTutorialScreen();
  public void setNextTutorialPage(int);
  public void displayTrainingScreen();
  public void displayDeckSelectionP1();
  public void displayDeckSelectionP2();
  public void displayCountdownScreen();
  public void displayPlayScreen();
  public void displayQuitScreen();
  public void displayPlayAgainScreen();
  public void displayAboutScreen();
  public void updateDeckInfo(brawl.model.enums.PlayerID, brawl.model.enums.BrawlCharacter);
  public void countdown321();
  public void paused();
  public void updateControlsScreen();
  public void sysTestSetup();
  public void update(java.util.Observable, java.lang.Object);
  public void blinkInvalid();
  static javax.swing.Timer access$100(brawl.ui.SwingUI);
  static javax.swing.JPanel access$200(brawl.ui.SwingUI);
}
Compiled from "TutorialScreen.java"
public class brawl.ui.TutorialScreen extends javax.swing.JPanel {
  public brawl.ui.TutorialScreen(brawl.GameController);
  public void setNextPage(int);
}
Compiled from "JSONUtil.java"
public class brawl.utils.JSONUtil {
  public static final java.lang.String SETTINGS_PATH;
  public brawl.utils.JSONUtil();
  public static java.lang.Object getJSON(java.lang.String, boolean) throws java.io.FileNotFoundException, org.json.simple.parser.ParseException;
  public static boolean writeToJSON(org.json.simple.JSONObject, java.lang.String);
  static {};
}
Compiled from "KeyMapper.java"
public class brawl.utils.KeyMapper {
  public static final int PASS_COLUMN;
  public brawl.utils.KeyMapper();
  public static boolean changeBinding(int, brawl.model.Move);
  public static java.util.Map<java.lang.Integer, brawl.model.Move> getKeys(brawl.model.enums.PlayerID);
  public static void resetBindings();
  public static void writeBindings();
  static void readBindings();
  static void readBindings(java.lang.String);
  static {};
}
Compiled from "MoveValidator.java"
final class brawl.utils.MoveValidator$ValidityValue extends java.lang.Enum<brawl.utils.MoveValidator$ValidityValue> {
  public static final brawl.utils.MoveValidator$ValidityValue IM;
  public static final brawl.utils.MoveValidator$ValidityValue VM;
  public static final brawl.utils.MoveValidator$ValidityValue CC;
  public static brawl.utils.MoveValidator$ValidityValue[] values();
  public static brawl.utils.MoveValidator$ValidityValue valueOf(java.lang.String);
  static {};
}
Compiled from "MoveValidator.java"
public class brawl.utils.MoveValidator {
  public brawl.utils.MoveValidator();
  public static boolean isValid(brawl.model.Card, brawl.model.Card);
  static {};
}
=======
Compiled from "AI.java"
class brawl.model.AI$1 extends java.lang.Object{
    static final int[] $SwitchMap$brawl$model$enums$CardType;
    static {};
}

Compiled from "AI.java"
public class brawl.model.AI extends brawl.model.Player{
    public brawl.model.AI(brawl.model.enums.BrawlCharacter, brawl.model.enums.PlayerID, int);
    public brawl.model.Move getNextMove(java.util.List, boolean);
    public brawl.model.Move getMove(int);
    public int getDifficulty();
}

Compiled from "Base.java"
public class brawl.model.Base extends java.lang.Object{
    public brawl.model.Base(brawl.model.enums.PlayerID);
    public brawl.model.enums.PlayerID getOwner();
}

Compiled from "Card.java"
public class brawl.model.Card extends java.lang.Object{
    public brawl.model.Card(brawl.model.enums.Color, brawl.model.enums.CardType);
    public brawl.model.enums.Color getColor();
    public brawl.model.enums.CardType getType();
    public java.lang.String getImagePath(brawl.model.enums.BrawlCharacter);
    public static brawl.model.Card parseCard(java.lang.String);
    public java.lang.String toString();
    public boolean equals(java.lang.Object);
    static {};
}

Compiled from "Column.java"
public class brawl.model.Column extends java.lang.Object{
    public brawl.model.Column(brawl.model.Base);
    public brawl.model.Card peekTopCard(brawl.model.enums.PlayerID);
    public void addCard(brawl.model.Card, brawl.model.enums.PlayerID);
    public void freeze();
    public boolean isFrozen();
    public int getPlayer1Score();
    public int getPlayer2Score();
    public brawl.model.enums.PlayerID getCurrentWinner();
    public brawl.model.Base getBase();
    public java.util.Stack getP1Stack();
    public java.util.Stack getP2Stack();
    public void setIndex(int);
    public int getIndex();
}

Compiled from "Deck.java"
public class brawl.model.Deck extends java.lang.Object{
    public brawl.model.Deck(brawl.model.enums.BrawlCharacter);
    public brawl.model.enums.BrawlCharacter getCharacter();
    public void reset();
    public void shuffle();
    public brawl.model.Card peekDiscard();
    public brawl.model.Card popDiscard();
    public void draw();
    public java.util.Stack getDeck();
    public boolean isEmpty();
    public void generateDeck(java.lang.String);
}

Compiled from "Human.java"
public class brawl.model.Human extends brawl.model.Player{
    public brawl.model.Human(brawl.model.enums.BrawlCharacter, brawl.model.enums.PlayerID, java.util.HashMap);
    public brawl.model.Move getMove(int);
    public brawl.model.Move getNextMove(java.util.List, boolean);
}

Compiled from "Move.java"
public class brawl.model.Move extends java.lang.Object{
    public brawl.model.Move(brawl.model.enums.PlayerID, brawl.model.enums.PlayerID, int);
    public brawl.model.enums.PlayerID getSource();
    public brawl.model.enums.PlayerID getSide();
    public int getColumn();
    public boolean isDraw();
    public boolean equals(java.lang.Object);
    public java.lang.String toString();
    public static brawl.model.Move parseMove(java.lang.String);
}

Compiled from "Player.java"
public abstract class brawl.model.Player extends java.lang.Object{
    protected brawl.model.enums.PlayerID id;
    public brawl.model.Player(brawl.model.enums.BrawlCharacter, brawl.model.enums.PlayerID);
    public abstract brawl.model.Move getMove(int);
    public brawl.model.Deck getDeck();
    public abstract brawl.model.Move getNextMove(java.util.List, boolean);
}

Compiled from "AboutScreen.java"
public class brawl.ui.AboutScreen extends javax.swing.JPanel{
    public brawl.ui.AboutScreen(brawl.GameController);
}

Compiled from "ConsoleUI.java"
public class brawl.ui.ConsoleUI extends java.lang.Object implements brawl.ui.GameView{
    public brawl.ui.ConsoleUI();
    public void init();
    public void displayMainMenuScreen();
    public void getModeAndPlayerTypes();
    public void choosePlayerType(int);
    public void displayDeckSelectionP1();
    public void getCharacter(int, int);
    public void displayDeckSelectionP2();
    public void displayCountdownScreen();
    public void displayPlayScreen();
    public void printSysCommands();
    public void printKeyCommands();
    public void enterCommands();
    public void sysTestSetup();
    public void sysTestSetupPlayer(brawl.model.enums.PlayerID);
    public void parseKeyCommands(java.lang.String);
    public void displayOptionsScreen();
    public void displayQuitScreen();
    public void displayPlayAgainScreen();
    public void setController(brawl.GameController);
    public void setMatchModel(brawl.MatchModel);
    public void setSettingsModel(brawl.SettingsModel);
    public void update(java.util.Observable, java.lang.Object);
    public void printGameState();
    public void printGameState1Col();
    public void printGameState2Cols();
    public void printGameState3Cols();
    public java.lang.String checkIfSideNull(brawl.model.Card);
    public java.lang.String checkIfDiscardNull(brawl.model.Card);
    public void updateDeckInfo(brawl.model.enums.PlayerID, brawl.model.enums.BrawlCharacter);
    public void paused();
    public void displayGameplayOptionsScreen();
    public void displayControlScreen();
    public void displayAboutScreen();
    public void displayTutorialScreen();
    public void updateControlsScreen();
    public void setNextTutorialPage(int);
    public void blinkInvalid();
}

Compiled from "ControlScreen.java"
public class brawl.ui.ControlScreen extends javax.swing.JPanel{
    public brawl.ui.ControlScreen(brawl.GameController);
    public void updateControlsScreen();
}

Compiled from "DeckSetUpScreen.java"
public class brawl.ui.DeckSetUpScreen extends javax.swing.JPanel{
    public brawl.ui.DeckSetUpScreen(brawl.GameController, brawl.model.enums.PlayerID);
    public void updateInfo(brawl.model.enums.BrawlCharacter);
}

Compiled from "GameView.java"
public interface brawl.ui.GameView extends java.util.Observer{
    public abstract void setController(brawl.GameController);
    public abstract void setMatchModel(brawl.MatchModel);
    public abstract void setSettingsModel(brawl.SettingsModel);
    public abstract void update(java.util.Observable, java.lang.Object);
    public abstract void displayMainMenuScreen();
    public abstract void displayDeckSelectionP1();
    public abstract void displayDeckSelectionP2();
    public abstract void displayOptionsScreen();
    public abstract void displayAboutScreen();
    public abstract void displayCountdownScreen();
    public abstract void displayQuitScreen();
    public abstract void displayPlayScreen();
    public abstract void displayPlayAgainScreen();
    public abstract void init();
    public abstract void sysTestSetup();
    public abstract void paused();
    public abstract void displayTutorialScreen();
    public abstract void updateDeckInfo(brawl.model.enums.PlayerID, brawl.model.enums.BrawlCharacter);
    public abstract void updateControlsScreen();
    public abstract void setNextTutorialPage(int);
    public abstract void blinkInvalid();
}

Compiled from "GameplayOptionsScreen.java"
public class brawl.ui.GameplayOptionsScreen extends javax.swing.JPanel{
    public brawl.ui.GameplayOptionsScreen(brawl.GameController);
}

Compiled from "IntroScreen.java"
public class brawl.ui.IntroScreen extends javax.swing.JPanel{
    public brawl.ui.IntroScreen(brawl.GameController);
}

Compiled from "MainMenuScreen.java"
public class brawl.ui.MainMenuScreen extends javax.swing.JPanel{
    public brawl.ui.MainMenuScreen(brawl.GameController);
}

Compiled from "PlayAgainScreen.java"
public class brawl.ui.PlayAgainScreen extends javax.swing.JPanel{
    public brawl.ui.PlayAgainScreen(brawl.GameController);
    public void setWinner();
    public void setMatchModel(brawl.MatchModel);
}

Compiled from "PlayScreen.java"
class brawl.ui.PlayScreen$1 extends java.lang.Object implements java.awt.event.ActionListener{
    final brawl.ui.PlayScreen this$0;
    brawl.ui.PlayScreen$1(brawl.ui.PlayScreen);
    public void actionPerformed(java.awt.event.ActionEvent);
}

Compiled from "PlayScreen.java"
class brawl.ui.PlayScreen$2 extends java.lang.Object implements java.awt.event.ActionListener{
    final brawl.ui.PlayScreen this$0;
    brawl.ui.PlayScreen$2(brawl.ui.PlayScreen);
    public void actionPerformed(java.awt.event.ActionEvent);
}

Compiled from "PlayScreen.java"
class brawl.ui.PlayScreen$StackOfCards extends java.util.ArrayList{
    final brawl.ui.PlayScreen this$0;
    public int getOffset1();
    public int getOffset2();
    public int getLayerNdx1();
    public int getLayerNdx2();
    public void reset();
    brawl.ui.PlayScreen$StackOfCards(brawl.ui.PlayScreen, brawl.ui.PlayScreen$1);
}

Compiled from "PlayScreen.java"
public class brawl.ui.PlayScreen extends javax.swing.JPanel{
    public brawl.ui.PlayScreen(brawl.GameController);
    public void setMatchModel(brawl.MatchModel, brawl.model.enums.GameMode);
    public void resetBoard();
    public void setTurn(brawl.model.enums.PlayerID);
    public void blinkInvalid(brawl.model.enums.PlayerID);
    public void makeMove(brawl.model.Move);
    static java.awt.Color access$100();
    static javax.swing.JPanel access$200(brawl.ui.PlayScreen);
    static javax.swing.JPanel access$300(brawl.ui.PlayScreen);
    static {};
}

Compiled from "QuitScreen.java"
public class brawl.ui.QuitScreen extends javax.swing.JPanel{
    public brawl.ui.QuitScreen(brawl.GameController);
}

Compiled from "SwingUI.java"
class brawl.ui.SwingUI$1 extends java.lang.Object{
}

Compiled from "SwingUI.java"
class brawl.ui.SwingUI$CloseListener extends java.awt.event.WindowAdapter{
    public void windowClosing(java.awt.event.WindowEvent);
    brawl.ui.SwingUI$CloseListener(brawl.ui.SwingUI$1);
}

Compiled from "SwingUI.java"
class brawl.ui.SwingUI$CountdownListener extends java.lang.Object implements java.awt.event.ActionListener{
    final brawl.ui.SwingUI this$0;
    public brawl.ui.SwingUI$CountdownListener(brawl.ui.SwingUI, javax.swing.JLabel, int);
    public void actionPerformed(java.awt.event.ActionEvent);
}

Compiled from "SwingUI.java"
public class brawl.ui.SwingUI extends javax.swing.JFrame implements brawl.ui.GameView{
    public brawl.ui.SwingUI();
    public void init();
    public void setController(brawl.GameController);
    public void setMatchModel(brawl.MatchModel);
    public void setSettingsModel(brawl.SettingsModel);
    public void displayOptionsScreen();
    public void displayIntroScreen();
    public void displayMainMenuScreen();
    public void displayTutorialScreen();
    public void setNextTutorialPage(int);
    public void displayTrainingScreen();
    public void displayDeckSelectionP1();
    public void displayDeckSelectionP2();
    public void displayCountdownScreen();
    public void displayPlayScreen();
    public void displayQuitScreen();
    public void displayPlayAgainScreen();
    public void displayAboutScreen();
    public void updateDeckInfo(brawl.model.enums.PlayerID, brawl.model.enums.BrawlCharacter);
    public void countdown321();
    public void paused();
    public void updateControlsScreen();
    public void sysTestSetup();
    public void update(java.util.Observable, java.lang.Object);
    public void blinkInvalid();
    static javax.swing.Timer access$100(brawl.ui.SwingUI);
    static javax.swing.JPanel access$200(brawl.ui.SwingUI);
}

Compiled from "TutorialScreen.java"
public class brawl.ui.TutorialScreen extends javax.swing.JPanel{
    public brawl.ui.TutorialScreen(brawl.GameController);
    public void setNextPage(int);
}

Compiled from "JSONUtil.java"
public class brawl.utils.JSONUtil extends java.lang.Object{
    public static final java.lang.String SETTINGS_PATH;
    public brawl.utils.JSONUtil();
    public static java.lang.Object getJSON(java.lang.String, boolean)       throws java.io.FileNotFoundException, org.json.simple.parser.ParseException;
    public static boolean writeToJSON(org.json.simple.JSONObject, java.lang.String);
    static {};
}

Compiled from "KeyMapper.java"
public class brawl.utils.KeyMapper extends java.lang.Object{
    public static final int PASS_COLUMN;
    public brawl.utils.KeyMapper();
    public static boolean changeBinding(int, brawl.model.Move);
    public static java.util.Map getKeys(brawl.model.enums.PlayerID);
    public static void resetBindings();
    public static void writeBindings();
    static void readBindings();
    static void readBindings(java.lang.String);
    static {};
}

Compiled from "MoveValidator.java"
final class brawl.utils.MoveValidator$ValidityValue extends java.lang.Enum{
    public static final brawl.utils.MoveValidator$ValidityValue IM;
    public static final brawl.utils.MoveValidator$ValidityValue VM;
    public static final brawl.utils.MoveValidator$ValidityValue CC;
    public static brawl.utils.MoveValidator$ValidityValue[] values();
    public static brawl.utils.MoveValidator$ValidityValue valueOf(java.lang.String);
    static {};
}

Compiled from "MoveValidator.java"
public class brawl.utils.MoveValidator extends java.lang.Object{
    public brawl.utils.MoveValidator();
    public static boolean isValid(brawl.model.Card, brawl.model.Card);
    static {};
}

>>>>>>> .r439
